<?xml version="1.0" encoding="UTF-8"?>
<testng-results skipped="0" failed="1" ignored="0" total="4" passed="3">
  <reporter-output>
  </reporter-output>
  <suite name="Suite" duration-ms="76439" started-at="2017-08-01T17:54:59Z" finished-at="2017-08-01T17:56:15Z">
    <groups>
    </groups>
    <test name="parallel_class1" duration-ms="48760" started-at="2017-08-01T17:54:59Z" finished-at="2017-08-01T17:55:47Z">
      <class name="com.test.validatepage.HomePageTest">
        <test-method status="PASS" signature="setDriversettings(java.lang.String, java.lang.String)[pri:0, instance:com.test.validatepage.HomePageTest@754ba872]" name="setDriversettings" is-config="true" duration-ms="29297" started-at="2017-08-01T13:54:59Z" finished-at="2017-08-01T13:55:28Z">
          <params>
            <param index="0">
              <value>
                <![CDATA[chrome]]>
              </value>
            </param>
            <param index="1">
              <value>
                <![CDATA[windows]]>
              </value>
            </param>
          </params>
          <reporter-output>
          </reporter-output>
        </test-method> <!-- setDriversettings -->
        <test-method status="PASS" signature="setHomePage()[pri:0, instance:com.test.validatepage.HomePageTest@754ba872]" name="setHomePage" is-config="true" duration-ms="162" started-at="2017-08-01T13:55:28Z" finished-at="2017-08-01T13:55:28Z">
          <reporter-output>
          </reporter-output>
        </test-method> <!-- setHomePage -->
        <test-method status="PASS" signature="flightLinkNavigationTest()[pri:0, instance:com.test.validatepage.HomePageTest@754ba872]" name="flightLinkNavigationTest" duration-ms="13661" started-at="2017-08-01T13:55:28Z" finished-at="2017-08-01T13:55:42Z">
          <reporter-output>
          </reporter-output>
        </test-method> <!-- flightLinkNavigationTest -->
        <test-method status="PASS" signature="hotelLinkNavigationTest()[pri:0, instance:com.test.validatepage.HomePageTest@754ba872]" name="hotelLinkNavigationTest" duration-ms="4231" started-at="2017-08-01T13:55:42Z" finished-at="2017-08-01T13:55:46Z">
          <reporter-output>
          </reporter-output>
        </test-method> <!-- hotelLinkNavigationTest -->
        <test-method status="PASS" signature="linkDisplayTest()[pri:0, instance:com.test.validatepage.HomePageTest@754ba872]" name="linkDisplayTest" duration-ms="270" started-at="2017-08-01T13:55:46Z" finished-at="2017-08-01T13:55:46Z">
          <reporter-output>
          </reporter-output>
        </test-method> <!-- linkDisplayTest -->
        <test-method status="PASS" signature="afterClass()[pri:0, instance:com.test.validatepage.HomePageTest@754ba872]" name="afterClass" is-config="true" duration-ms="1104" started-at="2017-08-01T13:55:46Z" finished-at="2017-08-01T13:55:47Z">
          <reporter-output>
          </reporter-output>
        </test-method> <!-- afterClass -->
      </class> <!-- com.test.validatepage.HomePageTest -->
    </test> <!-- parallel_class1 -->
    <test name="parallel_class" duration-ms="76439" started-at="2017-08-01T17:54:59Z" finished-at="2017-08-01T17:56:15Z">
      <class name="com.test.validatepage.FlighPageTest">
        <test-method status="PASS" signature="setDriversettings(java.lang.String, java.lang.String)[pri:0, instance:com.test.validatepage.FlighPageTest@6f7fd0e6]" name="setDriversettings" is-config="true" duration-ms="62527" started-at="2017-08-01T13:54:59Z" finished-at="2017-08-01T13:56:01Z">
          <params>
            <param index="0">
              <value>
                <![CDATA[chrome]]>
              </value>
            </param>
            <param index="1">
              <value>
                <![CDATA[windows]]>
              </value>
            </param>
          </params>
          <reporter-output>
          </reporter-output>
        </test-method> <!-- setDriversettings -->
        <test-method status="PASS" signature="beforeClass()[pri:0, instance:com.test.validatepage.FlighPageTest@6f7fd0e6]" name="beforeClass" is-config="true" duration-ms="12958" started-at="2017-08-01T13:56:01Z" finished-at="2017-08-01T13:56:14Z">
          <reporter-output>
          </reporter-output>
        </test-method> <!-- beforeClass -->
        <test-method status="FAIL" signature="elementsDisplayedTest()[pri:0, instance:com.test.validatepage.FlighPageTest@6f7fd0e6]" name="elementsDisplayedTest" duration-ms="35" started-at="2017-08-01T13:56:14Z" finished-at="2017-08-01T13:56:14Z">
          <exception class="org.openqa.selenium.NoSuchElementException">
            <message>
              <![CDATA[no such element: Unable to locate element: {"method":"css selector","selector":"#flights-origin-prepop-whitelabel_en"}
  (Session info: chrome=59.0.3071.115)
  (Driver info: chromedriver=2.27.440174 (e97a722caafc2d3a8b807ee115bfb307f7d2cfd9),platform=Windows NT 6.1.7601 SP1 x86_64) (WARNING: The server did not provide any stacktrace information)
Command duration or timeout: 32 milliseconds
For documentation on this error, please visit: http://seleniumhq.org/exceptions/no_such_element.html
Build info: version: '3.4.0', revision: 'unknown', time: 'unknown'
System info: host: 'YY047813', ip: '192.168.42.81', os.name: 'Windows 7', os.arch: 'amd64', os.version: '6.1', java.version: '1.8.0_77'
Driver info: org.openqa.selenium.chrome.ChromeDriver
Capabilities [{applicationCacheEnabled=false, rotatable=false, mobileEmulationEnabled=false, networkConnectionEnabled=false, chrome={chromedriverVersion=2.27.440174 (e97a722caafc2d3a8b807ee115bfb307f7d2cfd9), userDataDir=C:\Users\310251~1\AppData\Local\Temp\scoped_dir14652_2719}, takesHeapSnapshot=true, pageLoadStrategy=normal, databaseEnabled=false, handlesAlerts=true, hasTouchScreen=false, version=59.0.3071.115, platform=XP, browserConnectionEnabled=false, nativeEvents=true, acceptSslCerts=true, locationContextEnabled=true, webStorageEnabled=true, browserName=chrome, takesScreenshot=true, javascriptEnabled=true, cssSelectorsEnabled=true, unexpectedAlertBehaviour=}]
Session ID: cad54911b42bb68179547eb748eaa38d
*** Element info: {Using=css selector, value=#flights-origin-prepop-whitelabel_en}]]>
            </message>
            <full-stacktrace>
              <![CDATA[org.openqa.selenium.NoSuchElementException: no such element: Unable to locate element: {"method":"css selector","selector":"#flights-origin-prepop-whitelabel_en"}
  (Session info: chrome=59.0.3071.115)
  (Driver info: chromedriver=2.27.440174 (e97a722caafc2d3a8b807ee115bfb307f7d2cfd9),platform=Windows NT 6.1.7601 SP1 x86_64) (WARNING: The server did not provide any stacktrace information)
Command duration or timeout: 32 milliseconds
For documentation on this error, please visit: http://seleniumhq.org/exceptions/no_such_element.html
Build info: version: '3.4.0', revision: 'unknown', time: 'unknown'
System info: host: 'YY047813', ip: '192.168.42.81', os.name: 'Windows 7', os.arch: 'amd64', os.version: '6.1', java.version: '1.8.0_77'
Driver info: org.openqa.selenium.chrome.ChromeDriver
Capabilities [{applicationCacheEnabled=false, rotatable=false, mobileEmulationEnabled=false, networkConnectionEnabled=false, chrome={chromedriverVersion=2.27.440174 (e97a722caafc2d3a8b807ee115bfb307f7d2cfd9), userDataDir=C:\Users\310251~1\AppData\Local\Temp\scoped_dir14652_2719}, takesHeapSnapshot=true, pageLoadStrategy=normal, databaseEnabled=false, handlesAlerts=true, hasTouchScreen=false, version=59.0.3071.115, platform=XP, browserConnectionEnabled=false, nativeEvents=true, acceptSslCerts=true, locationContextEnabled=true, webStorageEnabled=true, browserName=chrome, takesScreenshot=true, javascriptEnabled=true, cssSelectorsEnabled=true, unexpectedAlertBehaviour=}]
Session ID: cad54911b42bb68179547eb748eaa38d
*** Element info: {Using=css selector, value=#flights-origin-prepop-whitelabel_en}
	at sun.reflect.NativeConstructorAccessorImpl.newInstance0(Native Method)
	at sun.reflect.NativeConstructorAccessorImpl.newInstance(NativeConstructorAccessorImpl.java:62)
	at sun.reflect.DelegatingConstructorAccessorImpl.newInstance(DelegatingConstructorAccessorImpl.java:45)
	at java.lang.reflect.Constructor.newInstance(Constructor.java:423)
	at org.openqa.selenium.remote.ErrorHandler.createThrowable(ErrorHandler.java:215)
	at org.openqa.selenium.remote.ErrorHandler.throwIfResponseFailed(ErrorHandler.java:167)
	at org.openqa.selenium.remote.RemoteWebDriver.execute(RemoteWebDriver.java:671)
	at org.openqa.selenium.remote.RemoteWebDriver.findElement(RemoteWebDriver.java:410)
	at org.openqa.selenium.remote.RemoteWebDriver.findElementByCssSelector(RemoteWebDriver.java:501)
	at org.openqa.selenium.By$ByCssSelector.findElement(By.java:430)
	at org.openqa.selenium.remote.RemoteWebDriver.findElement(RemoteWebDriver.java:402)
	at org.openqa.selenium.support.pagefactory.DefaultElementLocator.findElement(DefaultElementLocator.java:69)
	at org.openqa.selenium.support.pagefactory.internal.LocatingElementHandler.invoke(LocatingElementHandler.java:38)
	at com.sun.proxy.$Proxy9.isDisplayed(Unknown Source)
	at com.test.page.FlightsHomePage.verifyAllItemsBookingFieldsDisplayed(FlightsHomePage.java:34)
	at com.test.validatepage.FlighPageTest.elementsDisplayedTest(FlighPageTest.java:18)
	at sun.reflect.NativeMethodAccessorImpl.invoke0(Native Method)
	at sun.reflect.NativeMethodAccessorImpl.invoke(NativeMethodAccessorImpl.java:62)
	at sun.reflect.DelegatingMethodAccessorImpl.invoke(DelegatingMethodAccessorImpl.java:43)
	at java.lang.reflect.Method.invoke(Method.java:498)
	at org.testng.internal.MethodInvocationHelper.invokeMethod(MethodInvocationHelper.java:108)
	at org.testng.internal.Invoker.invokeMethod(Invoker.java:661)
	at org.testng.internal.Invoker.invokeTestMethod(Invoker.java:869)
	at org.testng.internal.Invoker.invokeTestMethods(Invoker.java:1193)
	at org.testng.internal.TestMethodWorker.invokeTestMethods(TestMethodWorker.java:126)
	at org.testng.internal.TestMethodWorker.run(TestMethodWorker.java:109)
	at org.testng.TestRunner.privateRun(TestRunner.java:744)
	at org.testng.TestRunner.run(TestRunner.java:602)
	at org.testng.SuiteRunner.runTest(SuiteRunner.java:380)
	at org.testng.SuiteRunner.access$000(SuiteRunner.java:39)
	at org.testng.SuiteRunner$SuiteWorker.run(SuiteRunner.java:414)
	at org.testng.internal.thread.ThreadUtil$1.call(ThreadUtil.java:52)
	at java.util.concurrent.FutureTask.run(FutureTask.java:266)
	at java.util.concurrent.ThreadPoolExecutor.runWorker(ThreadPoolExecutor.java:1142)
	at java.util.concurrent.ThreadPoolExecutor$Worker.run(ThreadPoolExecutor.java:617)
	at java.lang.Thread.run(Thread.java:745)
]]>
            </full-stacktrace>
          </exception> <!-- org.openqa.selenium.NoSuchElementException -->
          <reporter-output>
          </reporter-output>
        </test-method> <!-- elementsDisplayedTest -->
        <test-method status="PASS" signature="afterClass()[pri:0, instance:com.test.validatepage.FlighPageTest@6f7fd0e6]" name="afterClass" is-config="true" duration-ms="906" started-at="2017-08-01T13:56:14Z" finished-at="2017-08-01T13:56:15Z">
          <reporter-output>
          </reporter-output>
        </test-method> <!-- afterClass -->
      </class> <!-- com.test.validatepage.FlighPageTest -->
    </test> <!-- parallel_class -->
  </suite> <!-- Suite -->
</testng-results>
