<?xml version="1.0" encoding="UTF-8"?>
<!-- Generated by org.testng.reporters.JUnitXMLReporter -->
<testsuite hostname="YY047813" ignored="0" name="parallel_class" tests="5" failures="0" timestamp="18 Jul 2017 17:39:27 GMT" time="0.073" errors="0">
  <testcase name="elementsDisplayedTest" time="0.007" classname="com.test.validatepage.FlighPageTest"/>
  <testcase name="flightLinkNavigationTest" time="0.009" classname="com.test.validatepage.HomePageTest"/>
  <testcase name="hotelLinkNavigationTest" time="0.001" classname="com.test.validatepage.HomePageTest"/>
  <testcase name="linkDisplayTest" time="0.001" classname="com.test.validatepage.HomePageTest"/>
  <testcase name="testNavigateToHome" time="0.027" classname="com.test.validatepage.FlighPageTest"/>
</testsuite> <!-- parallel_class -->
