<?xml version="1.0" encoding="UTF-8"?>
<!-- Generated by org.testng.reporters.JUnitXMLReporter -->
<testsuite hostname="YY047813" ignored="2" name="TestHomePage" tests="1" failures="0" timestamp="19 Jul 2017 11:07:30 GMT" time="0.041" errors="0">
  <testcase name="linkDisplayTest" time="0.0" classname="com.test.validatepage.HomePageTest"/>
  <testcase name="hotelLinkNavigationTest" time="0.0" classname="com.test.validatepage.HomePageTest">
    <ignored/>
  </testcase> <!-- hotelLinkNavigationTest -->
  <testcase name="flightLinkNavigationTest" time="0.0" classname="com.test.validatepage.HomePageTest">
    <ignored/>
  </testcase> <!-- flightLinkNavigationTest -->
</testsuite> <!-- TestHomePage -->
