<?xml version="1.0" encoding="UTF-8"?>
<!-- Generated by org.testng.reporters.JUnitXMLReporter -->
<testsuite hostname="YY047813" ignored="0" name="ParallelTest1" tests="4" failures="0" timestamp="29 Jun 2017 17:12:34 GMT" time="20.212" errors="0">
  <testcase name="firstTestMethod" time="4.542" classname="com.selenium.parallel.paralleltest.TestParallel1Test"/>
  <testcase name="testTitle" time="0.02" classname="com.selenium.parallel.paralleltest.TestParallel1Test"/>
  <testcase name="testUserName" time="0.062" classname="com.selenium.parallel.paralleltest.TestParallel1Test"/>
  <testcase name="testGmail" time="10.886" classname="com.selenium.parallel.paralleltest.TestParallel2Test"/>
</testsuite> <!-- ParallelTest1 -->
